This is pdfTeX, Version 3.1415926-2.4-1.40.13 (MiKTeX 2.9) (preloaded format=pdflatex 2014.5.23)  17 JUN 2014 20:54
entering extended mode
**Gladkih.tex
("E:\РРЅСЃС‚РёС‚СѓС‚\РљСѓСЂСЃРѕРІР°СЏ 3 РєСѓСЂСЃ\CourseWork\Gladkih.tex"
LaTeX2e <2011/06/27>
Babel <v3.8m> and hyphenation patterns for english, afrikaans, ancientgreek, arabic, armenian, assamese, basque, bengali
, bokmal, bulgarian, catalan, coptic, croatian, czech, danish, dutch, esperanto, estonian, farsi, finnish, french, galic
ian, german, german-x-2012-05-30, greek, gujarati, hindi, hungarian, icelandic, indonesian, interlingua, irish, italian,
 kannada, kurmanji, latin, latvian, lithuanian, malayalam, marathi, mongolian, mongolianlmc, monogreek, ngerman, ngerman
-x-2012-05-30, nynorsk, oriya, panjabi, pinyin, polish, portuguese, romanian, russian, sanskrit, serbian, slovak, sloven
ian, spanish, swedish, swissgerman, tamil, telugu, turkish, turkmen, ukenglish, ukrainian, uppersorbian, usenglishmax, w
elsh, loaded.
(E:\Math\MikTex\tex\latex\extsizes\extarticle.cls
Document Class: extarticle 1996/10/08 v1.0 Non Standard LaTeX document class
(E:\Math\MikTex\tex\latex\extsizes\size14.clo
File: size14.clo 1999/11/11 v1.4a NON-Standard LaTeX file (size option)
) (E:\Math\MikTex\tex\latex\base\exscale.sty
Package: exscale 2007/10/29 v2.1h Standard LaTeX package exscale
LaTeX Font Info:    Redeclaring symbol font `largesymbols' on input line 52.
LaTeX Font Info:    Overwriting symbol font `largesymbols' in version `normal'
(Font)                  OMX/cmex/m/n --> OMX/cmex/m/n on input line 52.
LaTeX Font Info:    Overwriting symbol font `largesymbols' in version `bold'
(Font)                  OMX/cmex/m/n --> OMX/cmex/m/n on input line 52.
\big@size=\dimen102
)
\c@part=\count79
\c@section=\count80
\c@subsection=\count81
\c@subsubsection=\count82
\c@paragraph=\count83
\c@subparagraph=\count84
\c@figure=\count85
\c@table=\count86
\abovecaptionskip=\skip41
\belowcaptionskip=\skip42
\bibindent=\dimen103
)
(E:\Math\MikTex\tex\latex\amsmath\amsmath.sty
Package: amsmath 2013/01/14 v2.14 AMS math features
\@mathmargin=\skip43

For additional information on amsmath, use the `?' option.
(E:\Math\MikTex\tex\latex\amsmath\amstext.sty
Package: amstext 2000/06/29 v2.01
 (E:\Math\MikTex\tex\latex\amsmath\amsgen.sty
File: amsgen.sty 1999/11/30 v2.0
\@emptytoks=\toks14
\ex@=\dimen104
))
(E:\Math\MikTex\tex\latex\amsmath\amsbsy.sty
Package: amsbsy 1999/11/29 v1.2d
\pmbraise@=\dimen105
) (E:\Math\MikTex\tex\latex\amsmath\amsopn.sty
Package: amsopn 1999/12/14 v2.01 operator names
)
\inf@bad=\count87
LaTeX Info: Redefining \frac on input line 210.
\uproot@=\count88
\leftroot@=\count89
LaTeX Info: Redefining \overline on input line 306.
\classnum@=\count90
\DOTSCASE@=\count91
LaTeX Info: Redefining \ldots on input line 378.
LaTeX Info: Redefining \dots on input line 381.
LaTeX Info: Redefining \cdots on input line 466.
\Mathstrutbox@=\box26
\strutbox@=\box27
\big@size=\dimen106
LaTeX Font Info:    Redeclaring font encoding OML on input line 566.
LaTeX Font Info:    Redeclaring font encoding OMS on input line 567.
\macc@depth=\count92
\c@MaxMatrixCols=\count93
\dotsspace@=\muskip10
\c@parentequation=\count94
\dspbrk@lvl=\count95
\tag@help=\toks15
\row@=\count96
\column@=\count97
\maxfields@=\count98
\andhelp@=\toks16
\eqnshift@=\dimen107
\alignsep@=\dimen108
\tagshift@=\dimen109
\tagwidth@=\dimen110
\totwidth@=\dimen111
\lineht@=\dimen112
\@envbody=\toks17
\multlinegap=\skip44
\multlinetaggap=\skip45
\mathdisplay@stack=\toks18
LaTeX Info: Redefining \[ on input line 2665.
LaTeX Info: Redefining \] on input line 2666.
)
(E:\Math\MikTex\tex\latex\amsfonts\amsfonts.sty
Package: amsfonts 2013/01/14 v3.01 Basic AMSFonts support
\symAMSa=\mathgroup4
\symAMSb=\mathgroup5
LaTeX Font Info:    Overwriting math alphabet `\mathfrak' in version `bold'
(Font)                  U/euf/m/n --> U/euf/b/n on input line 106.
) (E:\Math\MikTex\tex\latex\amsfonts\amssymb.sty
Package: amssymb 2013/01/14 v3.01 AMS font symbols
)
(E:\Math\MikTex\tex\latex\amsfonts\eucal.sty
Package: eucal 2009/06/22 v3.00 Euler Script fonts
LaTeX Font Info:    Overwriting math alphabet `\EuScript' in version `bold'
(Font)                  U/eus/m/n --> U/eus/b/n on input line 33.
) (E:\Math\MikTex\tex\latex\floatflt\floatflt.sty
Package: floatflt 1997/07/16 v. 1.31
\c@OptionTest=\count99
\figbox=\box28
\tabbox=\box29
\pagebox=\box30
\ffigcount=\count100
\ftabcount=\count101
\fftest=\count102
\hangcount=\count103
\nosuccesstryfig=\count104
\nosuccesstrytab=\count105
\figgutter=\dimen113
\tabgutter=\dimen114
\htdone=\dimen115
\pageht=\dimen116
\startpageht=\dimen117
\tabbredd=\dimen118
\floatfltwidth=\dimen119
\fltitemwidth=\dimen120
\outputpretest=\toks19
)
(E:\Math\MikTex\tex\latex\tools\longtable.sty
Package: longtable 2004/02/01 v4.11 Multi-page Table package (DPC)
\LTleft=\skip46
\LTright=\skip47
\LTpre=\skip48
\LTpost=\skip49
\LTchunksize=\count106
\LTcapwidth=\dimen121
\LT@head=\box31
\LT@firsthead=\box32
\LT@foot=\box33
\LT@lastfoot=\box34
\LT@cols=\count107
\LT@rows=\count108
\c@LT@tables=\count109
\c@LT@chunks=\count110
\LT@p@ftn=\toks20
) (E:\Math\MikTex\tex\latex\slashbox\slashbox.sty
slashbox style by K.Yasuoka, May 1993.
\@slashboxa=\box35
\@slashboxb=\box36
\@slashboxc=\box37
\@slashboxwd=\count111
\@slashboxht=\count112
\@slashsepl=\dimen122
\@slashsepr=\dimen123
) (E:\Math\MikTex\tex\latex\graphics\graphicx.sty
Package: graphicx 1999/02/16 v1.0f Enhanced LaTeX Graphics (DPC,SPQR)
 (E:\Math\MikTex\tex\latex\graphics\keyval.sty
Package: keyval 1999/03/16 v1.13 key=value parser (DPC)
\KV@toks@=\toks21
)
(E:\Math\MikTex\tex\latex\graphics\graphics.sty
Package: graphics 2009/02/05 v1.0o Standard LaTeX Graphics (DPC,SPQR)
 (E:\Math\MikTex\tex\latex\graphics\trig.sty
Package: trig 1999/03/16 v1.09 sin cos tan (DPC)
)
(E:\Math\MikTex\tex\latex\00miktex\graphics.cfg
File: graphics.cfg 2007/01/18 v1.5 graphics configuration of teTeX/TeXLive
)
Package graphics Info: Driver file: pdftex.def on input line 91.
 (E:\Math\MikTex\tex\latex\pdftex-def\pdftex.def
File: pdftex.def 2011/05/27 v0.06d Graphics/color for pdfTeX

(E:\Math\MikTex\tex\generic\oberdiek\infwarerr.sty
Package: infwarerr 2010/04/08 v1.3 Providing info/warning/error messages (HO)
) (E:\Math\MikTex\tex\generic\oberdiek\ltxcmds.sty
Package: ltxcmds 2011/11/09 v1.22 LaTeX kernel commands for general use (HO)
)
\Gread@gobject=\count113
))
\Gin@req@height=\dimen124
\Gin@req@width=\dimen125
)
(E:\Math\MikTex\tex\latex\rotating\rotating.sty
Package: rotating 2009/03/28 v2.16a rotated objects in LaTeX
 (E:\Math\MikTex\tex\latex\base\ifthen.sty
Package: ifthen 2001/05/26 v1.1c Standard LaTeX ifthen package (DPC)
)
\c@r@tfl@t=\count114
\rotFPtop=\skip50
\rotFPbot=\skip51
\rot@float@box=\box38
\rot@mess@toks=\toks22
)
(E:\Math\MikTex\tex\latex\base\inputenc.sty
Package: inputenc 2008/03/30 v1.1d Input encoding file
\inpenc@prehook=\toks23
\inpenc@posthook=\toks24
 (E:\Math\MikTex\tex\latex\cyrillic\cp1251.def
File: cp1251.def 1999/11/16 v1.0d Input encoding file
))
(E:\Math\MikTex\tex\latex\base\fontenc.sty
Package: fontenc 2005/09/27 v1.99g Standard LaTeX package
 (E:\Math\MikTex\tex\latex\cyrillic\t2aenc.def
File: t2aenc.def 2005/09/27 v1.0i Cyrillic encoding definition file
)
LaTeX Font Info:    Try loading font information for T2A+cmr on input line 100.

(E:\Math\MikTex\tex\latex\cyrillic\t2acmr.fd
File: t2acmr.fd 2001/08/11 v1.0a Computer Modern Cyrillic font definitions
)) (E:\Math\MikTex\tex\generic\babel\babel.sty
Package: babel 2008/07/08 v3.8m The Babel package

*************************************
* Local config file bblopts.cfg used
*
(E:\Math\MikTex\tex\latex\00miktex\bblopts.cfg
File: bblopts.cfg 2006/07/31 v1.0 MiKTeX 'babel' configuration
) (E:\Math\MikTex\tex\generic\babel\russianb.ldf
Language: russianb 2008/03/21 v1.1r Russian support from the babel system

(E:\Math\MikTex\tex\generic\babel\babel.def
File: babel.def 2008/07/08 v3.8m Babel common definitions
\babel@savecnt=\count115
\U@D=\dimen126
)
Package babel Info: Making " an active character on input line 199.
)) (E:\Math\MikTex\tex\latex\tools\indentfirst.sty
Package: indentfirst 1995/11/23 v1.03 Indent first paragraph (DPC)
)
(E:\Math\MikTex\tex\latex\setspace\setspace.sty
Package: setspace 2011/12/19 v6.7a set line spacing
) (E:\Math\MikTex\tex\latex\ulem\ulem.sty
\UL@box=\box39
\UL@hyphenbox=\box40
\UL@skip=\skip52
\UL@hook=\toks25
\UL@height=\dimen127
\UL@pe=\count116
\UL@pixel=\dimen128
\ULC@box=\box41
Package: ulem 2012/05/18
\ULdepth=\dimen129
)
(E:\Math\MikTex\tex\latex\tools\array.sty
Package: array 2008/09/09 v2.4c Tabular extension package (FMi)
\col@sep=\dimen130
\extrarowheight=\dimen131
\NC@list=\toks26
\extratabsurround=\skip53
\backup@length=\skip54
)
\c@condition=\count117
 (E:\Math\MikTex\tex\latex\wrapfig\wrapfig.sty
\wrapoverhang=\dimen132
\WF@size=\dimen133
\c@WF@wrappedlines=\count118
\WF@box=\box42
\WF@everypar=\toks27
Package: wrapfig 2003/01/31  v 3.6
)
(E:\Math\MikTex\tex\latex\listings\listings.sty
\lst@mode=\count119
\lst@gtempboxa=\box43
\lst@token=\toks28
\lst@length=\count120
\lst@currlwidth=\dimen134
\lst@column=\count121
\lst@pos=\count122
\lst@lostspace=\dimen135
\lst@width=\dimen136
\lst@newlines=\count123
\lst@lineno=\count124
\lst@maxwidth=\dimen137
 (E:\Math\MikTex\tex\latex\listings\lstmisc.sty
File: lstmisc.sty 2007/02/22 1.4 (Carsten Heinz)
\c@lstnumber=\count125
\lst@skipnumbers=\count126
\lst@framebox=\box44
)
(E:\Math\MikTex\tex\latex\listings\listings.cfg
File: listings.cfg 2007/02/22 1.4 listings configuration
))
Package: listings 2007/02/22 1.4 (Carsten Heinz)
 (E:\Math\MikTex\tex\latex\enumitem\enumitem.sty
Package: enumitem 2011/09/28 v3.5.2 Customized lists
\labelindent=\skip55
\enit@outerparindent=\dimen138
\enit@toks=\toks29
\enit@inbox=\box45
\enitdp@description=\count127
)
(E:\Math\MikTex\tex\latex\tocloft\tocloft.sty
Package: tocloft 2013/05/02 v2.3f parameterised ToC, etc., typesetting
Package tocloft Info: The document has section divisions on input line 44.
\cftparskip=\skip56
\cftbeforetoctitleskip=\skip57
\cftaftertoctitleskip=\skip58
\cftbeforepartskip=\skip59
\cftpartnumwidth=\skip60
\cftpartindent=\skip61
\cftbeforesecskip=\skip62
\cftsecindent=\skip63
\cftsecnumwidth=\skip64
\cftbeforesubsecskip=\skip65
\cftsubsecindent=\skip66
\cftsubsecnumwidth=\skip67
\cftbeforesubsubsecskip=\skip68
\cftsubsubsecindent=\skip69
\cftsubsubsecnumwidth=\skip70
\cftbeforeparaskip=\skip71
\cftparaindent=\skip72
\cftparanumwidth=\skip73
\cftbeforesubparaskip=\skip74
\cftsubparaindent=\skip75
\cftsubparanumwidth=\skip76
\cftbeforeloftitleskip=\skip77
\cftafterloftitleskip=\skip78
\cftbeforefigskip=\skip79
\cftfigindent=\skip80
\cftfignumwidth=\skip81
\c@lofdepth=\count128
\c@lotdepth=\count129
\cftbeforelottitleskip=\skip82
\cftafterlottitleskip=\skip83
\cftbeforetabskip=\skip84
\cfttabindent=\skip85
\cfttabnumwidth=\skip86
) (E:\Math\MikTex\tex\latex\caption\caption.sty
Package: caption 2013/04/14 v3.3-73 Customizing captions (AR)

(E:\Math\MikTex\tex\latex\caption\caption3.sty
Package: caption3 2013/04/14 v1.5-71 caption3 kernel (AR)
\captionmargin=\dimen139
\captionmargin@=\dimen140
\captionwidth=\dimen141
\caption@tempdima=\dimen142
\caption@indent=\dimen143
\caption@parindent=\dimen144
\caption@hangindent=\dimen145
)
\c@ContinuedFloat=\count130
Package caption Info: floatflt package is loaded.
Package caption Info: listings package is loaded.
Package caption Info: longtable package is loaded.
 (E:\Math\MikTex\tex\latex\caption\ltcaption.sty
Package: ltcaption 2013/02/03 v1.3-62 longtable captions (AR)
)
Package caption Info: rotating package is loaded.
Package caption Info: wrapfig package is loaded.
)
(E:\Math\MikTex\tex\latex\caption\subcaption.sty
Package: subcaption 2013/02/03 v1.1-62 Sub-captions (AR)
\c@subfigure=\count131
\c@subtable=\count132
) (E:\Math\MikTex\tex\latex\natbib\natbib.sty
Package: natbib 2010/09/13 8.31b (PWD, AO)
\bibhang=\skip87
\bibsep=\skip88
LaTeX Info: Redefining \cite on input line 694.
\c@NAT@ctr=\count133
)
(E:\Math\MikTex\tex\latex\geometry\geometry.sty
Package: geometry 2010/09/12 v5.6 Page Geometry
 (E:\Math\MikTex\tex\generic\oberdiek\ifpdf.sty
Package: ifpdf 2011/01/30 v2.3 Provides the ifpdf switch (HO)
Package ifpdf Info: pdfTeX in PDF mode is detected.
)
(E:\Math\MikTex\tex\generic\oberdiek\ifvtex.sty
Package: ifvtex 2010/03/01 v1.5 Detect VTeX and its facilities (HO)
Package ifvtex Info: VTeX not detected.
) (E:\Math\MikTex\tex\generic\ifxetex\ifxetex.sty
Package: ifxetex 2010/09/12 v0.6 Provides ifxetex conditional
)
\Gm@cnth=\count134
\Gm@cntv=\count135
\c@Gm@tempcnt=\count136
\Gm@bindingoffset=\dimen146
\Gm@wd@mp=\dimen147
\Gm@odd@mp=\dimen148
\Gm@even@mp=\dimen149
\Gm@layoutwidth=\dimen150
\Gm@layoutheight=\dimen151
\Gm@layouthoffset=\dimen152
\Gm@layoutvoffset=\dimen153
\Gm@dimlist=\toks30

(E:\Math\MikTex\tex\latex\geometry\geometry.cfg))
("E:\РРЅСЃС‚РёС‚СѓС‚\РљСѓСЂСЃРѕРІР°СЏ 3 РєСѓСЂСЃ\CourseWork\Gladkih.aux")
LaTeX Font Info:    Checking defaults for OML/cmm/m/it on input line 136.
LaTeX Font Info:    ... okay on input line 136.
LaTeX Font Info:    Checking defaults for T1/cmr/m/n on input line 136.
LaTeX Font Info:    ... okay on input line 136.
LaTeX Font Info:    Checking defaults for OT1/cmr/m/n on input line 136.
LaTeX Font Info:    ... okay on input line 136.
LaTeX Font Info:    Checking defaults for OMS/cmsy/m/n on input line 136.
LaTeX Font Info:    ... okay on input line 136.
LaTeX Font Info:    Checking defaults for OMX/cmex/m/n on input line 136.
LaTeX Font Info:    ... okay on input line 136.
LaTeX Font Info:    Checking defaults for U/cmr/m/n on input line 136.
LaTeX Font Info:    ... okay on input line 136.
LaTeX Font Info:    Checking defaults for T2A/cmr/m/n on input line 136.
LaTeX Font Info:    ... okay on input line 136.

(E:\Math\MikTex\tex\context\base\supp-pdf.mkii
[Loading MPS to PDF converter (version 2006.09.02).]
\scratchcounter=\count137
\scratchdimen=\dimen154
\scratchbox=\box46
\nofMPsegments=\count138
\nofMParguments=\count139
\everyMPshowfont=\toks31
\MPscratchCnt=\count140
\MPscratchDim=\dimen155
\MPnumerator=\count141
\makeMPintoPDFobject=\count142
\everyMPtoPDFconversion=\toks32
)
\c@lstlisting=\count143
Package caption Info: Begin \AtBeginDocument code.
Package caption Info: End \AtBeginDocument code.

*geometry* driver: auto-detecting
*geometry* detected driver: pdftex
*geometry* verbose mode - [ preamble ] result:
* driver: pdftex
* paper: a4paper
* layout: <same size as paper>
* layoutoffset:(h,v)=(0.0pt,0.0pt)
* modes: 
* h-part:(L,W,R)=(85.35826pt, 469.47049pt, 42.67912pt)
* v-part:(T,H,B)=(56.9055pt, 731.23584pt, 56.9055pt)
* \paperwidth=597.50787pt
* \paperheight=845.04684pt
* \textwidth=469.47049pt
* \textheight=731.23584pt
* \oddsidemargin=13.08827pt
* \evensidemargin=13.08827pt
* \topmargin=-54.36449pt
* \headheight=14.0pt
* \headsep=25.0pt
* \topskip=14.0pt
* \footskip=30.0pt
* \marginparwidth=15.0pt
* \marginparsep=10.0pt
* \columnsep=10.0pt
* \skip\footins=12.0pt plus 4.0pt minus 2.0pt
* \hoffset=0.0pt
* \voffset=0.0pt
* \mag=1000
* \@twocolumnfalse
* \@twosidefalse
* \@mparswitchfalse
* \@reversemarginfalse
* (1in=72.27pt=25.4mm, 1cm=28.453pt)

LaTeX Font Info:    Try loading font information for U+msa on input line 158.
(E:\Math\MikTex\tex\latex\amsfonts\umsa.fd
File: umsa.fd 2013/01/14 v3.01 AMS symbols A
)
LaTeX Font Info:    Try loading font information for U+msb on input line 158.
 (E:\Math\MikTex\tex\latex\amsfonts\umsb.fd
File: umsb.fd 2013/01/14 v3.01 AMS symbols B
)
Underfull \hbox (badness 10000) in paragraph at lines 175--176

 []

[1

{C:/ProgramData/MiKTeX/2.9/pdftex/config/pdftex.map}]
("E:\РРЅСЃС‚РёС‚СѓС‚\РљСѓСЂСЃРѕРІР°СЏ 3 РєСѓСЂСЃ\CourseWork\Gladkih.toc"
Overfull \hbox (6.20766pt too wide) in paragraph at lines 9--9
 [][] []\T2A/cmr/m/n/14.4 Открытый дис-три-бу-тив TeX для плат-фор-мы Windows -- MikTeX. []  
 []


Overfull \hbox (14.50127pt too wide) in paragraph at lines 11--11
 [][] []\T2A/cmr/m/n/14.4 Совместное при-ме-не-ние объектно-ориентированного язы-ка про- 
 []

)
\tf@toc=\write3
 (E:\Math\MikTex\tex\latex\listings\lstlang1.sty
File: lstlang1.sty 2004/09/05 1.3 listings language file
) [2]
Overfull \hbox (4.93962pt too wide) in paragraph at lines 208--209
\T2A/cmr/m/n/14.4 мож-ность вво-дить в об-ра-зо-ва-тель-ный про-цесс ме-то-ды ал-го-рит-ми-за-ции неко-
 []

LaTeX Font Info:    Try loading font information for T2A+cmtt on input line 210.
(E:\Math\MikTex\tex\latex\cyrillic\t2acmtt.fd
File: t2acmtt.fd 2001/08/11 v1.0a Computer Modern Cyrillic font definitions
)
Overfull \hbox (17.4441pt too wide) in paragraph at lines 210--211
[]\T2A/cmr/m/n/14.4 Мы раз-ра-бо-та-ли элек-трон-но - ме-то-ди-че-ский ком-плекс \T2A/cmtt/m/n/14.4 <<Метод координат>>\
T2A/cmr/m/n/14.4 ,
 []


Overfull \hbox (10.67976pt too wide) in paragraph at lines 218--219
[]\T2A/cmr/m/n/14.4 Для до-сти-же-ния це-ли мы ис-поль-зо-ва-ли, объектно-ориентированный язык
 []


Overfull \hbox (14.17827pt too wide) in paragraph at lines 218--219
\T2A/cmr/m/n/14.4 про-грам-ми-ро-ва-ния С#, от-кры-тый дис-три-бу-тив TeX для плат-фор-мы Windows
 []

[3]
Overfull \hbox (0.39102pt too wide) in paragraph at lines 224--225
[]\T2A/cmr/m/n/14.4 Разработка и при-ме-не-ние элек-трон-но - ме-то-ди-че-ско-го ком-плек-са <<Ме-
 []

[4] [5]
Overfull \hbox (17.68309pt too wide) in alignment at lines 243--245
 [] [] [] 
 []


Overfull \hbox (17.68309pt too wide) in alignment at lines 245--248
 [] [] [] 
 []


Underfull \hbox (badness 2707) in paragraph at lines 252--254
\T2A/cmr/m/n/12 бы вы-пол-ня-лось ра-вен-ство
 []


Underfull \hbox (badness 2096) in paragraph at lines 254--255
\T2A/cmr/m/n/12 ти-во-по-лож-но на-прав-
 []


Underfull \hbox (badness 10000) in paragraph at lines 269--270
[]$\OML/cmm/m/it/12 [] \OT1/cmr/m/n/12 + \OML/cmm/m/it/12 []$\T2A/cmr/m/n/12 , ес-ли
 []


Underfull \hbox (badness 10000) in paragraph at lines 270--271
[]$\OML/cmm/m/it/12 [] \OMS/cmsy/m/n/12   \OML/cmm/m/it/12 []$\T2A/cmr/m/n/12 , ес-ли
 []


Underfull \hbox (badness 2393) in paragraph at lines 281--283
[]|\T2A/cmr/m/n/12 Найти по-пар-но кол-ли-не-ар-
 []


Overfull \hbox (17.68309pt too wide) in alignment at lines 248--293
 [] [] [] 
 []


Underfull \vbox (badness 10000) detected at line 293
 []

[6]
Overfull \hbox (17.68309pt too wide) in alignment at lines 308--310
 [] [] [] 
 []


Overfull \hbox (17.68309pt too wide) in alignment at lines 310--313
 [] [] [] 
 []


Underfull \hbox (badness 10000) in paragraph at lines 321--322
[]|\T2A/cmr/m/n/12 Найдите ко-ор-ди-на-ты вер-
 []


Underfull \hbox (badness 3612) in paragraph at lines 321--322
\T2A/cmr/m/n/12 ши-ны $\OML/cmm/m/it/12 D$ \T2A/cmr/m/n/12 па-рал-ле-ло-грам-ма
 []


Underfull \hbox (badness 10000) in paragraph at lines 338--339
[]|\T2A/cmr/m/n/12 Найдите дли-ну век-то-ра
 []


Underfull \hbox (badness 10000) in paragraph at lines 346--347
[]|\T2A/cmr/m/n/12 Найдите $\OML/cmm/m/it/12 y$\T2A/cmr/m/n/12 , ес-ли
 []


Underfull \hbox (badness 10000) in paragraph at lines 351--352
[]|\T2A/cmr/m/n/12 Даны точ-ки $\OML/cmm/m/it/12 A\OT1/cmr/m/n/12 (0; 1)$ \T2A/cmr/m/n/12 и
 []


Underfull \hbox (badness 10000) in paragraph at lines 351--352
\OML/cmm/m/it/12 C\OT1/cmr/m/n/12 (5; \OMS/cmsy/m/n/12  \OT1/cmr/m/n/12 3)$\T2A/cmr/m/n/12 . Най-ди-те ко-ор-
 []


Underfull \hbox (badness 10000) in paragraph at lines 351--352
\T2A/cmr/m/n/12 ди-на-ты точ-ки $\OML/cmm/m/it/12 B$\T2A/cmr/m/n/12 , ес-ли
 []


Underfull \hbox (badness 4181) in paragraph at lines 351--352
\T2A/cmr/m/n/12 из-вест-но, что точ-ка $\OML/cmm/m/it/12 B$ \T2A/cmr/m/n/12 --
 []


Underfull \hbox (badness 10000) in paragraph at lines 356--357
[]|\T2A/cmr/m/n/12 Даны точ-ки $\OML/cmm/m/it/12 A\OT1/cmr/m/n/12 (0; 1)$ \T2A/cmr/m/n/12 и
 []


Underfull \hbox (badness 10000) in paragraph at lines 356--357
\OML/cmm/m/it/12 B\OT1/cmr/m/n/12 (2\OML/cmm/m/it/12 ; \OT1/cmr/m/n/12 5; \OMS/cmsy/m/n/12  \OT1/cmr/m/n/12 1)$\T2A/cmr/
m/n/12 . Най-ди-те ко-
 []


Underfull \hbox (badness 8170) in paragraph at lines 356--357
\T2A/cmr/m/n/12 ор-ди-на-ты точ-ки $\OML/cmm/m/it/12 C$\T2A/cmr/m/n/12 , ес-ли
 []


Underfull \hbox (badness 4181) in paragraph at lines 356--357
\T2A/cmr/m/n/12 из-вест-но, что точ-ка $\OML/cmm/m/it/12 B$ \T2A/cmr/m/n/12 --
 []


Underfull \hbox (badness 1024) in paragraph at lines 361--362
[]|\T2A/cmr/m/n/12 Найдите рас-сто-я-ние меж-ду
 []


Underfull \hbox (badness 10000) in paragraph at lines 362--364
[]|$\OML/cmm/m/it/12 AB \OT1/cmr/m/n/12 = [] =
 []


Underfull \hbox (badness 10000) in paragraph at lines 365--366
[]|\T2A/cmr/m/n/12 Найдите $\OML/cmm/m/it/12 x$\T2A/cmr/m/n/12 , ес-ли из-
 []


Underfull \hbox (badness 10000) in paragraph at lines 365--366
\T2A/cmr/m/n/12 вест-но что: $\OMS/cmsy/m/n/12 j[]j \OT1/cmr/m/n/12 =
 []


Underfull \hbox (badness 10000) in paragraph at lines 371--372
[]|\T2A/cmr/m/n/12 Найдите $\OML/cmm/m/it/12 y$\T2A/cmr/m/n/12 , ес-ли из-
 []


Underfull \hbox (badness 10000) in paragraph at lines 371--372
\T2A/cmr/m/n/12 вест-но что: $\OMS/cmsy/m/n/12 j[]j \OT1/cmr/m/n/12 =
 []


Underfull \hbox (badness 3029) in paragraph at lines 376--377
\T2A/cmr/m/n/12 ни-ка $\OML/cmm/m/it/12 MNP$\T2A/cmr/m/n/12 , ес-ли $\OML/cmm/m/it/12 M\OT1/cmr/m/n/12 (4; 0)$\T2A/cmr/m
/n/12 ;
 []


Underfull \hbox (badness 10000) in paragraph at lines 377--378
[]|$\OML/cmm/m/it/12 MN \OT1/cmr/m/n/12 = [] =
 []


Underfull \hbox (badness 10000) in paragraph at lines 379--380
[]$\OML/cmm/m/it/12 NP \OT1/cmr/m/n/12 = [] =
 []


Underfull \hbox (badness 10000) in paragraph at lines 381--382
[]$\OML/cmm/m/it/12 MP \OT1/cmr/m/n/12 = [] =
 []


Overfull \hbox (17.68309pt too wide) in alignment at lines 313--386
 [] [] [] 
 []


Underfull \vbox (badness 10000) detected at line 386
 []

[7] [8]
Overfull \hbox (8.95186pt too wide) in paragraph at lines 390--390
\T2A/cmr/m/n/17.28 электронно - ме-то-ди-че-ско-го ком-плек-са <<Ме-тод ко-ор-ди-нат>> 
 []

[9]
Overfull \hbox (38.10135pt too wide) in paragraph at lines 409--410
[]\T2A/cmr/m/n/14.4 Свойства, вы-сту-па-ю-щие в ро-ли ме-то-дов до-сту-па для за-кры-тых переменных-
 []


Overfull \hbox (33.49092pt too wide) in paragraph at lines 421--422
\T2A/cmr/m/n/14.4 сре-де .NET Framework. Язык C# прост, ти-по-без-опа-сен и объектно-ориентирован.
 []

[10] [11]
Overfull \hbox (30.26936pt too wide) in paragraph at lines 449--449
[]\T2A/cmr/m/n/14.4 Применение элек-трон-но - ме-то-ди-че-ско-го ком-плек-са <<Ме-тод ко-ор-ди-нат>>. 
 []


Overfull \hbox (65.70647pt too wide) in paragraph at lines 457--458
\T2A/cmr/m/n/14.4 ем за-да-чи. На-при-мер, вы-би-ра-ем раз-дел \T2A/cmtt/m/n/14.4 <<2. Простейшие задачи в координатах..
.>>\T2A/cmr/m/n/14.4 ,
 []


Overfull \hbox (35.72125pt too wide) in paragraph at lines 457--458
\T2A/cmr/m/n/14.4 кноп-ку \T2A/cmtt/m/n/14.4 <<Пример>> \T2A/cmr/m/n/14.4 или вве-сти дан-ные и по на-жа-тию на кноп-ку 
\T2A/cmtt/m/n/14.4 <<Найти координаты
 []

[12] <1.pdf, id=56, 1368.11125pt x 739.76375pt>
File: 1.pdf Graphic file (type pdf)
 <use 1.pdf>
Package pdftex.def Info: 1.pdf used on input line 463.
(pdftex.def)             Requested size: 352.10286pt x 190.38123pt.
 <2.pdf, id=57, 1368.11125pt x 737.75626pt>
File: 2.pdf Graphic file (type pdf)
 <use 2.pdf>
Package pdftex.def Info: 2.pdf used on input line 470.
(pdftex.def)             Requested size: 352.10286pt x 189.8646pt.

<3.pdf, id=58, 1368.11125pt x 740.7675pt>
File: 3.pdf Graphic file (type pdf)
 <use 3.pdf>
Package pdftex.def Info: 3.pdf used on input line 477.
(pdftex.def)             Requested size: 352.10286pt x 190.63956pt.
 <4.pdf, id=59, 649.42625pt x 243.91125pt>
File: 4.pdf Graphic file (type pdf)
 <use 4.pdf>
Package pdftex.def Info: 4.pdf used on input line 484.
(pdftex.def)             Requested size: 352.10286pt x 132.24603pt.

<5.pdf, id=60, 1365.1pt x 737.75626pt>
File: 5.pdf Graphic file (type pdf)
 <use 5.pdf>
Package pdftex.def Info: 5.pdf used on input line 491.
(pdftex.def)             Requested size: 352.10286pt x 190.28111pt.
 <6.pdf, id=61, 623.32875pt x 238.8925pt>
File: 6.pdf Graphic file (type pdf)
 <use 6.pdf>
Package pdftex.def Info: 6.pdf used on input line 498.
(pdftex.def)             Requested size: 352.10286pt x 134.94534pt.

<7.pdf, id=62, 1370.11874pt x 738.76pt>
File: 7.pdf Graphic file (type pdf)
 <use 7.pdf>
Package pdftex.def Info: 7.pdf used on input line 505.
(pdftex.def)             Requested size: 352.10286pt x 189.85237pt.

Overfull \hbox (72.55312pt too wide) in paragraph at lines 510--510
[]\T2A/cmr/m/n/14.4 Совместное при-ме-не-ние объектно-ориентированного язы-ка про-грам-ми-ро-ва-ния
 []

[13 <E:/РРЅСЃС‚РёС‚СѓС‚/РљСѓСЂСЃРѕРІР°СЏ 3 РєСѓСЂСЃ/CourseWork/1.pdf> <E:/РРЅСЃС‚РёС‚СѓС‚/РљСѓСЂСЃРѕРІР°СЏ 3 РєСѓСЂСЃ/
CourseWork/2.pdf

pdfTeX warning: pdflatex.exe (file E:/РРЅСЃС‚РёС‚СѓС‚/РљСѓСЂСЃРѕРІР°СЏ 3 РєСѓСЂСЃ/CourseWork/2.pdf): PDF inclusion: mul
tiple pdfs with page group included in a single page
>] [14 <E:/РРЅСЃС‚РёС‚СѓС‚/РљСѓСЂСЃРѕРІР°СЏ 3 РєСѓСЂСЃ/CourseWork/3.pdf> <E:/РРЅСЃС‚РёС‚СѓС‚/РљСѓСЂСЃРѕРІР°СЏ 3 РєСѓСЂ
СЃ/CourseWork/4.pdf

pdfTeX warning: pdflatex.exe (file E:/РРЅСЃС‚РёС‚СѓС‚/РљСѓСЂСЃРѕРІР°СЏ 3 РєСѓСЂСЃ/CourseWork/4.pdf): PDF inclusion: mul
tiple pdfs with page group included in a single page
> <E:/РРЅСЃС‚РёС‚СѓС‚/РљСѓСЂСЃРѕРІР°СЏ 3 РєСѓСЂСЃ/CourseWork/5.pdf

pdfTeX warning: pdflatex.exe (file E:/РРЅСЃС‚РёС‚СѓС‚/РљСѓСЂСЃРѕРІР°СЏ 3 РєСѓСЂСЃ/CourseWork/5.pdf): PDF inclusion: mul
tiple pdfs with page group included in a single page
>] [15 <E:/РРЅСЃС‚РёС‚СѓС‚/РљСѓСЂСЃРѕРІР°СЏ 3 РєСѓСЂСЃ/CourseWork/6.pdf> <E:/РРЅСЃС‚РёС‚СѓС‚/РљСѓСЂСЃРѕРІР°СЏ 3 РєСѓСЂ
СЃ/CourseWork/7.pdf

pdfTeX warning: pdflatex.exe (file E:/РРЅСЃС‚РёС‚СѓС‚/РљСѓСЂСЃРѕРІР°СЏ 3 РєСѓСЂСЃ/CourseWork/7.pdf): PDF inclusion: mul
tiple pdfs with page group included in a single page
>]
Overfull \hbox (49.39384pt too wide) in paragraph at lines 514--515
[]\T2A/cmr/m/n/14.4 ООП С# поз-во-ля-ет вза-и-мо-дей-ство-вать с дру-ги-ми при-ло-же-ни-я-ми в Windows[[]].
 []


Overfull \hbox (1.00922pt too wide) in paragraph at lines 519--521
[]\T2A/cmr/m/n/14.4 Использование COM -- объ-ек-та Adobe Acrobat 7.0 Browser ControlLibrary
 []


Overfull \hbox (28.15862pt too wide) in paragraph at lines 519--521
\T2A/cmr/m/n/14.4 1.0 за-клю-ча-ет-ся в сле-ду-ю-щем: На фор-му по-ме-ща-ет-ся эле-мент AxAcroPDFLib[[]],
 []

[16]
Overfull \hbox (11.60854pt too wide) in paragraph at lines 533--547
\T2A/cmr/bx/n/14.4 Задача. \T2A/cmr/m/it/14.4 Най-ти по-пар-но кол-ли-не-ар-ные век-то-ры ес-ли: $[]\OMS/cmsy/m/n/14.4 f
\OT1/cmr/m/n/14.4 3; 2\OMS/cmsy/m/n/14.4 g\OT1/cmr/m/n/14.4 ; []\OMS/cmsy/m/n/14.4 f\OT1/cmr/m/n/14.4 1; 2\OMS/cmsy/m/n/
14.4 g\OT1/cmr/m/n/14.4 ; []\OMS/cmsy/m/n/14.4 f\OT1/cmr/m/n/14.4 5; 6\OMS/cmsy/m/n/14.4 g$\T2A/cmr/m/it/14.4 . 
 []

[17]
Overfull \hbox (46.94562pt too wide) in paragraph at lines 564--565
\T2A/cmr/m/n/14.4 бо-тан ме-тод compilePDF(). В ука-зан-ном ме-то-де ис-поль-зу-ет-ся класс ProcessStartInfo
 []


Overfull \hbox (4.92534pt too wide) in paragraph at lines 566--567
\T2A/cmr/m/n/14.4 цес-сом. В лю-бом слу-чае, нуж-но, по мень-шей ме-ре, за-дать свой-ство FileName,
 []

[18]
Overfull \hbox (1.3362pt too wide) in paragraph at lines 581--582
\T2A/cmr/m/n/14.4 this.searchWrite(search); this.solutionWrite(solution); compilePDF().Такой вы-
 []

[19] [20]
Overfull \hbox (2.76828pt too wide) in paragraph at lines 627--628
[][][][][][][][][][][][][][][][][][][][][][] 
 []


Overfull \hbox (23.9133pt too wide) in paragraph at lines 629--630
[][][][][][][][][][][][][][][][][][][][] 
 []


Overfull \hbox (2.76828pt too wide) in paragraph at lines 631--632
[][][][][][][][][][][][][][][][][][][][] 
 []


Overfull \hbox (16.86496pt too wide) in paragraph at lines 643--644
[][][][][][][][][][][][][][][][] 
 []


Overfull \hbox (221.26682pt too wide) in paragraph at lines 644--645
[][][][][][][][][][] 
 []


Overfull \hbox (2.76828pt too wide) in paragraph at lines 657--658
[][][][][][][][][][][][][][][][] 
 []

[21]
Overfull \hbox (2.76828pt too wide) in paragraph at lines 671--672
[][][][][][][][][][][][][][][][][][][][][][] 
 []

[22]
Overfull \hbox (2.76828pt too wide) in paragraph at lines 701--702
[][][][][][][][][][][][][][][][][][][][][][] 
 []


Overfull \hbox (16.86496pt too wide) in paragraph at lines 733--734
[][][][][][][][][][][][][][][][][][][][][][] 
 []

[23] [24] [25]
Overfull \hbox (35.29228pt too wide) in paragraph at lines 793--794
\T2A/cmr/m/n/14.4 ния гео-мет-ри-че-ских за-дач. На ос-но-ве раз-ра-бо-тан-но-го клас-са <<GeneratorTexText>>,
 []

[26]
Underfull \hbox (badness 10000) in paragraph at lines 817--818
[]\T2A/cmr/m/n/14.4 Visual C# // Microsoft Developer Network (Рус.) --- URL:
 []


Underfull \hbox (badness 5741) in paragraph at lines 829--830
[]\T2A/cmr/m/n/14.4 Process - класс // Microsoft Visual Studio (Рус.)  --- URL:
 []


Underfull \hbox (badness 10000) in paragraph at lines 832--834
[]\T2A/cmr/m/n/14.4 PDF component in WinForms using C# // CODE
 []


Underfull \hbox (badness 10000) in paragraph at lines 832--834
\T2A/cmr/m/n/14.4 PROJECT For those who code (Ан-гл.)  --- URL:
 []


Underfull \hbox (badness 10000) in paragraph at lines 832--834
\T2A/cmr/m/n/14.4 http://www.codeproject.com/Questions/290805/PDF-component-in-
 []

[27] [28] ("E:\РРЅСЃС‚РёС‚СѓС‚\РљСѓСЂСЃРѕРІР°СЏ 3 РєСѓСЂСЃ\CourseWork\Gladkih.aux") ) 
Here is how much of TeX's memory you used:
 7839 strings out of 493921
 107197 string characters out of 3152492
 218047 words of memory out of 3000000
 10992 multiletter control sequences out of 15000+200000
 19080 words of font info for 55 fonts, out of 3000000 for 9000
 841 hyphenation exceptions out of 8191
 36i,9n,40p,1596b,1631s stack positions out of 5000i,500n,10000p,200000b,50000s
{E:/Math/MikTex/fonts/enc/dvips/cm
-super/cm-super-t2a.enc}<E:/Math/MikTex/fonts/type1/public/amsfonts/cm/cmex10.pfb><E:/Math/MikTex/fonts/type1/public/ams
fonts/cm/cmmi10.pfb><E:/Math/MikTex/fonts/type1/public/amsfonts/cm/cmmi12.pfb><E:/Math/MikTex/fonts/type1/public/amsfont
s/cm/cmmi6.pfb><E:/Math/MikTex/fonts/type1/public/amsfonts/cm/cmmi7.pfb><E:/Math/MikTex/fonts/type1/public/amsfonts/cm/c
mmi8.pfb><E:/Math/MikTex/fonts/type1/public/amsfonts/cm/cmr10.pfb><E:/Math/MikTex/fonts/type1/public/amsfonts/cm/cmr12.p
fb><E:/Math/MikTex/fonts/type1/public/amsfonts/cm/cmr6.pfb><E:/Math/MikTex/fonts/type1/public/amsfonts/cm/cmr8.pfb><E:/M
ath/MikTex/fonts/type1/public/amsfonts/cm/cmsy10.pfb><E:/Math/MikTex/fonts/type1/public/amsfonts/cm/cmsy8.pfb><E:/Math/M
ikTex/fonts/type1/public/cm-super/sfbx1200.pfb><E:/Math/MikTex/fonts/type1/public/cm-super/sfbx1440.pfb><E:/Math/MikTex/
fonts/type1/public/cm-super/sfrm1200.pfb><E:/Math/MikTex/fonts/type1/public/cm-super/sfrm1440.pfb><E:/Math/MikTex/fonts/
type1/public/cm-super/sfrm1728.pfb><E:/Math/MikTex/fonts/type1/public/cm-super/sfti0800.pfb><E:/Math/MikTex/fonts/type1/
public/cm-super/sfti1200.pfb><E:/Math/MikTex/fonts/type1/public/cm-super/sfti1440.pfb><E:/Math/MikTex/fonts/type1/public
/cm-super/sftt1200.pfb><E:/Math/MikTex/fonts/type1/public/cm-super/sftt1440.pfb>
Output written on Gladkih.pdf (28 pages, 686574 bytes).
PDF statistics:
 233 PDF objects out of 1000 (max. 8388607)
 0 named destinations out of 1000 (max. 500000)
 36 words of extra memory for PDF output out of 10000 (max. 10000000)

